TN:
SF:app/resolver.js
FNF:0
FNH:0
LF:0
LH:0
BRF:0
BRH:0
end_of_record
TN:
SF:app/app.js
FNF:0
FNH:0
DA:6,1
DA:13,1
DA:19,1
LF:3
LH:3
BRF:0
BRH:0
end_of_record
TN:
SF:app/macros/to-number.js
FN:5,toNumberMacro
FN:8,(anonymous_2)
FNF:2
FNH:2
FNDA:1,toNumberMacro
FNDA:32,(anonymous_2)
DA:0,1
DA:5,1
DA:6,1
DA:7,32
DA:8,32
LF:5
LH:5
BRDA:6,1,0,1
BRDA:6,1,1,0
BRDA:6,2,0,1
BRDA:6,2,1,0
BRF:4
BRH:2
end_of_record
TN:
SF:app/models/user.js
FNF:0
FNH:0
LF:0
LH:0
BRF:0
BRH:0
end_of_record
TN:
SF:app/models/city.js
FNF:0
FNH:0
LF:0
LH:0
BRF:0
BRH:0
end_of_record
TN:
SF:app/models/user-city-junction.js
FN:3,_createDecoratedObject
FN:23,initializer
FN:28,initializer
FN:35,initializer
FN:42,initializer
FN:47,initializer
FN:52,initializer
FN:57,initializer
FN:62,initializer
FN:68,distanceKm
FNF:10
FNH:10
FNDA:1,_createDecoratedObject
FNDA:1,initializer
FNDA:1,initializer
FNDA:1,initializer
FNDA:1,initializer
FNDA:1,initializer
FNDA:1,initializer
FNDA:1,initializer
FNDA:1,initializer
FNDA:65,distanceKm
DA:0,9
DA:41,65
DA:42,65
DA:43,65
DA:44,65
DA:46,65
DA:49,65
DA:62,65
LF:8
LH:8
BRDA:3,1,0,9
BRDA:3,1,1,0
BRDA:3,2,0,9
BRDA:3,2,1,8
BRDA:3,3,0,1
BRDA:3,3,1,8
BRDA:3,4,0,1
BRDA:3,4,1,0
BRDA:3,5,0,1
BRDA:3,5,1,0
BRDA:3,6,0,9
BRDA:3,6,1,0
BRDA:74,7,0,30
BRDA:74,7,1,35
BRF:14
BRH:14
end_of_record
TN:
SF:app/helpers/multiply.js
FN:3,(anonymous_1)
FN:3,sliceIterator
FN:3,(anonymous_3)
FN:8,multiply
FNF:4
FNH:4
FNDA:1,(anonymous_1)
FNDA:0,sliceIterator
FNDA:5,(anonymous_3)
FNDA:5,multiply
DA:0,5
DA:5,1
DA:6,5
LF:3
LH:3
BRDA:3,1,0,0
BRDA:3,1,1,0
BRDA:3,2,0,0
BRDA:3,2,1,0
BRDA:3,3,0,0
BRDA:3,3,1,0
BRDA:3,4,0,0
BRDA:3,4,1,0
BRDA:3,5,0,0
BRDA:3,5,1,0
BRDA:3,6,0,5
BRDA:3,6,1,0
BRDA:3,7,0,0
BRDA:3,7,1,0
BRF:14
BRH:14
end_of_record
TN:
SF:app/helpers/round.js
FN:3,(anonymous_1)
FN:3,sliceIterator
FN:3,(anonymous_3)
FN:9,round
FNF:4
FNH:4
FNDA:1,(anonymous_1)
FNDA:0,sliceIterator
FNDA:201,(anonymous_3)
FNDA:201,round
DA:0,201
DA:6,1
DA:7,201
LF:3
LH:3
BRDA:3,1,0,0
BRDA:3,1,1,0
BRDA:3,2,0,0
BRDA:3,2,1,0
BRDA:3,3,0,0
BRDA:3,3,1,0
BRDA:3,4,0,0
BRDA:3,4,1,0
BRDA:3,5,0,0
BRDA:3,5,1,0
BRDA:3,6,0,201
BRDA:3,6,1,0
BRDA:3,7,0,0
BRDA:3,7,1,0
BRDA:14,8,0,1
BRDA:14,8,1,200
BRF:16
BRH:16
end_of_record
TN:
SF:app/router.js
FN:17,willTransition
FN:23,didTransition
FN:30,(anonymous_3)
FNF:3
FNH:3
FNDA:2,willTransition
FNDA:2,didTransition
FNDA:1,(anonymous_3)
DA:5,1
DA:20,2
DA:22,2
DA:26,2
DA:28,2
DA:29,1
DA:36,1
DA:37,1
LF:8
LH:8
BRDA:18,1,0,1
BRDA:18,1,1,1
BRDA:26,2,0,1
BRDA:26,2,1,1
BRF:4
BRH:4
end_of_record
TN:
SF:app/pods/index/route.js
FN:16,redirect
FNF:1
FNH:1
FNDA:1,redirect
DA:25,1
LF:1
LH:1
BRF:0
BRH:0
end_of_record
TN:
SF:app/pods/city/route.js
FN:3,(anonymous_1)
FN:19,model
FN:35,(anonymous_3)
FN:39,(anonymous_4)
FN:50,_populateJunctions
FN:57,(anonymous_6)
FNF:6
FNH:6
FNDA:0,(anonymous_1)
FNDA:3,model
FNDA:3,(anonymous_3)
FNDA:3,(anonymous_4)
FNDA:4,_populateJunctions
FNDA:98,(anonymous_6)
DA:0,98
DA:30,3
DA:32,3
DA:56,4
DA:58,4
DA:69,4
LF:6
LH:6
BRDA:3,1,0,1
BRDA:3,1,1,0
BRDA:3,2,0,0
BRDA:3,2,1,0
BRDA:22,3,0,0
BRDA:22,3,1,3
BRDA:22,4,0,3
BRDA:22,4,1,3
BRDA:26,5,0,3
BRDA:26,5,1,0
BRDA:28,6,0,3
BRDA:28,6,1,0
BRF:12
BRH:9
end_of_record
TN:
SF:app/pods/city/controller.js
FN:3,_createDecoratedObject
FN:13,initializer
FN:22,initializer
FN:28,maxDistanceLimitKm
FN:43,initializer
FN:45,changeCityAction
FNF:6
FNH:6
FNDA:1,_createDecoratedObject
FNDA:1,initializer
FNDA:1,initializer
FNDA:2,maxDistanceLimitKm
FNDA:1,initializer
FNDA:1,changeCityAction
DA:0,4
DA:26,2
DA:53,1
LF:3
LH:3
BRDA:3,1,0,4
BRDA:3,1,1,0
BRDA:3,2,0,4
BRDA:3,2,1,3
BRDA:3,3,0,1
BRDA:3,3,1,3
BRDA:3,4,0,1
BRDA:3,4,1,0
BRDA:3,5,0,1
BRDA:3,5,1,0
BRDA:3,6,0,4
BRDA:3,6,1,0
BRF:12
BRH:12
end_of_record
TN:
SF:app/utils/wrap-promise.js
FN:5,wrapPromise
FN:6,(anonymous_2)
FNF:2
FNH:2
FNDA:7,wrapPromise
FNDA:7,(anonymous_2)
DA:0,7
DA:5,1
DA:6,7
LF:3
LH:3
BRF:0
BRH:0
end_of_record
TN:
SF:app/adapters/user.js
FN:10,query
FN:13,(anonymous_2)
FNF:2
FNH:2
FNDA:4,query
FNDA:4,(anonymous_2)
DA:0,4
DA:11,4
LF:2
LH:2
BRF:0
BRH:0
end_of_record
TN:
SF:app/serializers/user.js
FN:11,normalizeQueryResponse
FN:12,(anonymous_2)
FNF:2
FNH:2
FNDA:4,normalizeQueryResponse
FNDA:128,(anonymous_2)
DA:0,128
DA:16,4
DA:22,4
LF:3
LH:3
BRF:0
BRH:0
end_of_record
TN:
SF:app/adapters/application.js
FN:10,query
FN:13,(anonymous_2)
FNF:2
FNH:2
FNDA:3,query
FNDA:3,(anonymous_2)
DA:0,3
DA:11,3
LF:2
LH:2
BRF:0
BRH:0
end_of_record
TN:
SF:app/serializers/application.js
FNF:0
FNH:0
LF:0
LH:0
BRF:0
BRH:0
end_of_record
TN:
SF:app/pods/city/template.hbs
FNF:0
FNH:0
LF:0
LH:0
BRF:0
BRH:0
end_of_record
TN:
SF:app/pods/components/hero-header/component.js
FNF:0
FNH:0
LF:0
LH:0
BRF:0
BRH:0
end_of_record
TN:
SF:app/pods/components/hero-header/template.hbs
FNF:0
FNH:0
LF:0
LH:0
BRF:0
BRH:0
end_of_record
TN:
SF:app/pods/components/cities-chooser/component.js
FNF:0
FNH:0
LF:0
LH:0
BRF:0
BRH:0
end_of_record
TN:
SF:app/pods/components/cities-chooser/template.hbs
FNF:0
FNH:0
LF:0
LH:0
BRF:0
BRH:0
end_of_record
TN:
SF:app/helpers/array.js
FN:6,array
FNF:1
FNH:1
FNDA:3,array
DA:5,1
DA:6,3
LF:2
LH:2
BRF:0
BRH:0
end_of_record
TN:
SF:app/pods/components/user-list/component.js
FN:3,_createDecoratedObject
FN:13,initializer
FN:18,initializer
FN:23,initializer
FN:32,initializer
FN:38,usersInRange
FN:39,(anonymous_7)
FNF:7
FNH:7
FNDA:1,_createDecoratedObject
FNDA:1,initializer
FNDA:1,initializer
FNDA:1,initializer
FNDA:1,initializer
FNDA:5,usersInRange
FNDA:100,(anonymous_7)
DA:0,100
DA:33,5
LF:2
LH:2
BRDA:3,1,0,5
BRDA:3,1,1,0
BRDA:3,2,0,5
BRDA:3,2,1,4
BRDA:3,3,0,1
BRDA:3,3,1,4
BRDA:3,4,0,1
BRDA:3,4,1,0
BRDA:3,5,0,1
BRDA:3,5,1,0
BRDA:3,6,0,5
BRDA:3,6,1,0
BRF:12
BRH:12
end_of_record
TN:
SF:app/pods/components/user-list/template.hbs
FNF:0
FNH:0
LF:0
LH:0
BRF:0
BRH:0
end_of_record
TN:
SF:app/pods/components/user-list-item/component.js
FNF:0
FNH:0
LF:0
LH:0
BRF:0
BRH:0
end_of_record
TN:
SF:app/pods/components/user-list-item/template.hbs
FNF:0
FNH:0
LF:0
LH:0
BRF:0
BRH:0
end_of_record
